<?xml version="1.0" encoding="UTF-8"?>
<testsuite name="com.bridgelabz.MaxNumberTest" tests="1" skipped="0" failures="0" errors="0" timestamp="2019-11-29T15:22:04" hostname="admin141-desktop" time="0.001">
  <properties/>
  <testcase name="givenMaxNumberAt_2stPosition_ShouldReturn_theSameNumber" classname="com.bridgelabz.MaxNumberTest" time="0.001"/>
  <system-out><![CDATA[]]></system-out>
  <system-err><![CDATA[]]></system-err>
</testsuite>
