<?xml version="1.0" encoding="UTF-8"?>
<testsuite name="com.bridgelabz.MaxNumberTest" tests="1" skipped="0" failures="0" errors="0" timestamp="2019-11-29T18:08:30" hostname="admin141-desktop" time="0.002">
  <properties/>
  <testcase name="givenMaxNumber_ShouldReturn_theSameNumberGenerics_Integer" classname="com.bridgelabz.MaxNumberTest" time="0.002"/>
  <system-out><![CDATA[30
]]></system-out>
  <system-err><![CDATA[]]></system-err>
</testsuite>
